Using pre-set license
Built from '2020.3/release' branch; Version is '2020.3.1f1 (77a89f25062f) revision 7841951'; Using compiler version '192528614'; Build Type 'Release'
OS: 'Windows 10 Home; OS build 22000.613; Version 2009; 64bit' Language: 'en' Physical Memory: 16295 MB
BatchMode: 1, IsHumanControllingUs: 0, StartBugReporterOnCrash: 0, Is64bit: 1, IsPro: 0

 COMMAND LINE ARGUMENTS:
C:\Program Files\Unity\Hub\Editor\2020.3.1f1\Editor\Unity.exe
-adb2
-batchMode
-noUpm
-name
AssetImportWorker0
-projectPath
D:/UNITY/Github/VR-Flying-Objects/VR-Get-Off-My-Chips-Unity
-logFile
Logs/AssetImportWorker0.log
-srvPort
53995
Successfully changed project path to: D:/UNITY/Github/VR-Flying-Objects/VR-Get-Off-My-Chips-Unity
D:/UNITY/Github/VR-Flying-Objects/VR-Get-Off-My-Chips-Unity
Using Asset Import Pipeline V2.
Refreshing native plugins compatible for Editor in 147.92 ms, found 15 plugins.
Preloading 2 native plugins for Editor in 4.33 ms.
Initialize engine version: 2020.3.1f1 (77a89f25062f)
[Subsystems] Discovering subsystems at path C:/Program Files/Unity/Hub/Editor/2020.3.1f1/Editor/Data/Resources/UnitySubsystems
[Subsystems] Discovering subsystems at path D:/UNITY/Github/VR-Flying-Objects/VR-Get-Off-My-Chips-Unity/Assets
GfxDevice: creating device client; threaded=0
Direct3D:
    Version:  Direct3D 11.0 [level 11.1]
    Renderer: NVIDIA GeForce RTX 3060 Ti (ID=0x2486)
    Vendor:   
    VRAM:     8050 MB
    Driver:   30.0.15.1165
Shader 'Universal Render Pipeline/Particles/Lit': fallback shader 'Universal Render Pipeline/Particles/SimpleLit' not found
Shader 'Oculus/OVRMRCameraFrameLit': fallback shader 'Alpha-Diffuse' not found
Initialize mono
Mono path[0] = 'C:/Program Files/Unity/Hub/Editor/2020.3.1f1/Editor/Data/Managed'
Mono path[1] = 'C:/Program Files/Unity/Hub/Editor/2020.3.1f1/Editor/Data/MonoBleedingEdge/lib/mono/unityjit'
Mono config path = 'C:/Program Files/Unity/Hub/Editor/2020.3.1f1/Editor/Data/MonoBleedingEdge/etc'
Using monoOptions --debugger-agent=transport=dt_socket,embedding=1,server=y,suspend=n,address=127.0.0.1:56152
Begin MonoManager ReloadAssembly
Registering precompiled unity dll's ...
Register platform support module: C:/Program Files/Unity/Hub/Editor/2020.3.1f1/Editor/Data/PlaybackEngines/WebGLSupport/UnityEditor.WebGL.Extensions.dll
Register platform support module: C:/Program Files/Unity/Hub/Editor/2020.3.1f1/Editor/Data/PlaybackEngines/WindowsStandaloneSupport/UnityEditor.WindowsStandalone.Extensions.dll
Registered in 0.002423 seconds.
Native extension for WindowsStandalone target not found
Native extension for WebGL target not found
Refreshing native plugins compatible for Editor in 124.08 ms, found 15 plugins.
Preloading 2 native plugins for Editor in 0.07 ms.
Invoked RoslynAnalysisRunner static constructor.
RoslynAnalysisRunner will not be running.
RoslynAnalysisRunner has terminated.
Mono: successfully reloaded assembly
- Completed reload, in  2.088 seconds
Platform modules already initialized, skipping
Registering precompiled user dll's ...
Registered in 0.016097 seconds.
Begin MonoManager ReloadAssembly
Native extension for WindowsStandalone target not found
Native extension for WebGL target not found
Refreshing native plugins compatible for Editor in 132.30 ms, found 15 plugins.
Preloading 2 native plugins for Editor in 0.06 ms.
Can't find custom attr constructor image: D:\UNITY\Github\VR-Flying-Objects\VR-Get-Off-My-Chips-Unity\Library\PackageCache\com.unity.ads@3.4.5\Editor\UnityEditor.Advertisements.dll mtoken: 0x0a00000f due to:  assembly:C:\Program Files\Unity\Hub\Editor\2020.3.1f1\Editor\Data\Managed\UnityEngine\UnityEngine.CoreModule.dll type:UnityAPICompatibilityVersionAttribute member:void {0}(string,string[]) signature:.ctor
Invoked RoslynAnalysisRunner static constructor.
RoslynAnalysisRunner will not be running.
RoslynAnalysisRunner has terminated.
Refreshing native plugins compatible for Editor in 1.85 ms, found 15 plugins.
[XR] OculusXRPlugin: registering subsystems
[XR] Unable to register display lifecyle provider: [1]
[XR] Oculus Input lifecycle provider registered.
[XR] Unable to register input lifecyle provider: [1]
[XR] OVRP version 1.59.0
Mono: successfully reloaded assembly
- Completed reload, in  1.261 seconds
Platform modules already initialized, skipping
========================================================================
Worker process is ready to serve import requests
Shader 'Oculus/OVRMRCameraFrameLit': fallback shader 'Alpha-Diffuse' not found
Shader 'Universal Render Pipeline/Particles/Lit': fallback shader 'Universal Render Pipeline/Particles/SimpleLit' not found
Launched and connected shader compiler UnityShaderCompiler.exe after 0.03 seconds
Refreshing native plugins compatible for Editor in 2.61 ms, found 15 plugins.
Preloading 2 native plugins for Editor in 0.09 ms.
Unloading 5592 Unused Serialized files (Serialized files now loaded: 0)
System memory in use before: 265.4 MB.
System memory in use after: 265.7 MB.

Unloading 80 unused Assets to reduce memory usage. Loaded Objects now: 6017.
Total: 3.098500 ms (FindLiveObjects: 0.553900 ms CreateObjectMapping: 0.196200 ms MarkObjects: 2.215400 ms  DeleteObjects: 0.131800 ms)

========================================================================
Received Import Request.
  path: Assets/Prefabs/_Course Library/Scripts/Seagull.cs
  artifactKey: Guid(0a2021e720b319a48b0e763272512cf5) Importer(815301076,1909f56bfc062723c751e8b465ee728b)
Start importing Assets/Prefabs/_Course Library/Scripts/Seagull.cs using Guid(0a2021e720b319a48b0e763272512cf5) Importer(815301076,1909f56bfc062723c751e8b465ee728b)  -> (artifact id: '2d99f2459f0effeb87a2c8848e83181f') in 0.025731 seconds
  Import took 0.041871 seconds .

========================================================================
Received Import Request.
  Time since last request: 125.610899 seconds.
  path: Assets/Prefabs/_Course Library/Scripts/Seagull.cs
  artifactKey: Guid(0a2021e720b319a48b0e763272512cf5) Importer(815301076,1909f56bfc062723c751e8b465ee728b)
Start importing Assets/Prefabs/_Course Library/Scripts/Seagull.cs using Guid(0a2021e720b319a48b0e763272512cf5) Importer(815301076,1909f56bfc062723c751e8b465ee728b)  -> (artifact id: '498125f129628c8dd03ef93236c8c1df') in 0.002304 seconds
  Import took 0.025534 seconds .

========================================================================
Received Import Request.
  Time since last request: 0.079882 seconds.
  path: Assets/Prefabs/_Course Library/Scripts/Seagull.cs
  artifactKey: Guid(0a2021e720b319a48b0e763272512cf5) Importer(815301076,1909f56bfc062723c751e8b465ee728b)
Start importing Assets/Prefabs/_Course Library/Scripts/Seagull.cs using Guid(0a2021e720b319a48b0e763272512cf5) Importer(815301076,1909f56bfc062723c751e8b465ee728b)  -> (artifact id: '498125f129628c8dd03ef93236c8c1df') in 0.002285 seconds
  Import took 0.010718 seconds .

========================================================================
Received Prepare
Registering precompiled user dll's ...
Registered in 0.016535 seconds.
Begin MonoManager ReloadAssembly
Native extension for WindowsStandalone target not found
Native extension for WebGL target not found
Refreshing native plugins compatible for Editor in 1.82 ms, found 15 plugins.
Preloading 2 native plugins for Editor in 0.07 ms.
Can't find custom attr constructor image: D:\UNITY\Github\VR-Flying-Objects\VR-Get-Off-My-Chips-Unity\Library\PackageCache\com.unity.ads@3.4.5\Editor\UnityEditor.Advertisements.dll mtoken: 0x0a00000f due to:  assembly:C:\Program Files\Unity\Hub\Editor\2020.3.1f1\Editor\Data\Managed\UnityEngine\UnityEngine.CoreModule.dll type:UnityAPICompatibilityVersionAttribute member:void {0}(string,string[]) signature:.ctor
Invoked RoslynAnalysisRunner static constructor.
RoslynAnalysisRunner will not be running.
RoslynAnalysisRunner has terminated.
Refreshing native plugins compatible for Editor in 1.79 ms, found 15 plugins.
Mono: successfully reloaded assembly
- Completed reload, in  1.041 seconds
Platform modules already initialized, skipping
Switching build target platform(5) subTarget(0) extendedPlatform(0) -> platform(13) subTarget(524288) extendedPlatform(0)
Shader 'Oculus/OVRMRCameraFrameLit': fallback shader 'Alpha-Diffuse' not found
Shader 'Universal Render Pipeline/Particles/Lit': fallback shader 'Universal Render Pipeline/Particles/SimpleLit' not found
Refreshing native plugins compatible for Editor in 2.01 ms, found 15 plugins.
Preloading 2 native plugins for Editor in 0.09 ms.
Unloading 5272 Unused Serialized files (Serialized files now loaded: 0)
System memory in use before: 244.6 MB.
System memory in use after: 245.1 MB.

Unloading 69 unused Assets to reduce memory usage. Loaded Objects now: 6021.
Total: 2.952700 ms (FindLiveObjects: 0.566400 ms CreateObjectMapping: 0.140300 ms MarkObjects: 2.215000 ms  DeleteObjects: 0.030000 ms)

AssetImportParameters requested are different than current active one (requested -> active):
  custom:graphics/normal-map-encoding: 01000000000000000000000000000000 -> 02000000000000000000000000000000
========================================================================
Received Prepare
Registering precompiled user dll's ...
Registered in 0.016988 seconds.
Begin MonoManager ReloadAssembly
Native extension for WindowsStandalone target not found
Native extension for WebGL target not found
Refreshing native plugins compatible for Editor in 1.82 ms, found 15 plugins.
Preloading 2 native plugins for Editor in 0.07 ms.
Can't find custom attr constructor image: D:\UNITY\Github\VR-Flying-Objects\VR-Get-Off-My-Chips-Unity\Library\PackageCache\com.unity.ads@3.4.5\Editor\UnityEditor.Advertisements.dll mtoken: 0x0a00000f due to:  assembly:C:\Program Files\Unity\Hub\Editor\2020.3.1f1\Editor\Data\Managed\UnityEngine\UnityEngine.CoreModule.dll type:UnityAPICompatibilityVersionAttribute member:void {0}(string,string[]) signature:.ctor
Invoked RoslynAnalysisRunner static constructor.
RoslynAnalysisRunner will not be running.
RoslynAnalysisRunner has terminated.
Refreshing native plugins compatible for Editor in 1.83 ms, found 15 plugins.
Mono: successfully reloaded assembly
- Completed reload, in  1.028 seconds
Platform modules already initialized, skipping
Switching build target platform(5) subTarget(0) extendedPlatform(0) -> platform(13) subTarget(524288) extendedPlatform(0)
Shader 'Oculus/OVRMRCameraFrameLit': fallback shader 'Alpha-Diffuse' not found
Shader 'Universal Render Pipeline/Particles/Lit': fallback shader 'Universal Render Pipeline/Particles/SimpleLit' not found
Refreshing native plugins compatible for Editor in 1.81 ms, found 15 plugins.
Preloading 2 native plugins for Editor in 0.07 ms.
Unloading 5272 Unused Serialized files (Serialized files now loaded: 0)
System memory in use before: 244.7 MB.
System memory in use after: 245.2 MB.

Unloading 69 unused Assets to reduce memory usage. Loaded Objects now: 6025.
Total: 3.670700 ms (FindLiveObjects: 0.848600 ms CreateObjectMapping: 0.155900 ms MarkObjects: 2.619300 ms  DeleteObjects: 0.045800 ms)

AssetImportParameters requested are different than current active one (requested -> active):
  custom:graphics/normal-map-encoding: 01000000000000000000000000000000 -> 02000000000000000000000000000000
========================================================================
Received Prepare
Registering precompiled user dll's ...
Registered in 0.015968 seconds.
Begin MonoManager ReloadAssembly
Native extension for WindowsStandalone target not found
Native extension for WebGL target not found
Refreshing native plugins compatible for Editor in 1.85 ms, found 15 plugins.
Preloading 2 native plugins for Editor in 0.07 ms.
Can't find custom attr constructor image: D:\UNITY\Github\VR-Flying-Objects\VR-Get-Off-My-Chips-Unity\Library\PackageCache\com.unity.ads@3.4.5\Editor\UnityEditor.Advertisements.dll mtoken: 0x0a00000f due to:  assembly:C:\Program Files\Unity\Hub\Editor\2020.3.1f1\Editor\Data\Managed\UnityEngine\UnityEngine.CoreModule.dll type:UnityAPICompatibilityVersionAttribute member:void {0}(string,string[]) signature:.ctor
Invoked RoslynAnalysisRunner static constructor.
RoslynAnalysisRunner will not be running.
RoslynAnalysisRunner has terminated.
Refreshing native plugins compatible for Editor in 1.81 ms, found 15 plugins.
Mono: successfully reloaded assembly
- Completed reload, in  1.040 seconds
Platform modules already initialized, skipping
Switching build target platform(5) subTarget(0) extendedPlatform(0) -> platform(13) subTarget(524288) extendedPlatform(0)
Shader 'Oculus/OVRMRCameraFrameLit': fallback shader 'Alpha-Diffuse' not found
Shader 'Universal Render Pipeline/Particles/Lit': fallback shader 'Universal Render Pipeline/Particles/SimpleLit' not found
Refreshing native plugins compatible for Editor in 1.82 ms, found 15 plugins.
Preloading 2 native plugins for Editor in 0.07 ms.
Unloading 5272 Unused Serialized files (Serialized files now loaded: 0)
System memory in use before: 244.8 MB.
System memory in use after: 245.2 MB.

Unloading 69 unused Assets to reduce memory usage. Loaded Objects now: 6029.
Total: 3.121800 ms (FindLiveObjects: 0.612500 ms CreateObjectMapping: 0.149100 ms MarkObjects: 2.327600 ms  DeleteObjects: 0.030900 ms)

AssetImportParameters requested are different than current active one (requested -> active):
  custom:graphics/normal-map-encoding: 01000000000000000000000000000000 -> 02000000000000000000000000000000
========================================================================
Received Prepare
Registering precompiled user dll's ...
Registered in 0.015709 seconds.
Begin MonoManager ReloadAssembly
Native extension for WindowsStandalone target not found
Native extension for WebGL target not found
Refreshing native plugins compatible for Editor in 1.93 ms, found 15 plugins.
Preloading 2 native plugins for Editor in 0.07 ms.
Can't find custom attr constructor image: D:\UNITY\Github\VR-Flying-Objects\VR-Get-Off-My-Chips-Unity\Library\PackageCache\com.unity.ads@3.4.5\Editor\UnityEditor.Advertisements.dll mtoken: 0x0a00000f due to:  assembly:C:\Program Files\Unity\Hub\Editor\2020.3.1f1\Editor\Data\Managed\UnityEngine\UnityEngine.CoreModule.dll type:UnityAPICompatibilityVersionAttribute member:void {0}(string,string[]) signature:.ctor
Invoked RoslynAnalysisRunner static constructor.
RoslynAnalysisRunner will not be running.
RoslynAnalysisRunner has terminated.
Refreshing native plugins compatible for Editor in 1.81 ms, found 15 plugins.
Mono: successfully reloaded assembly
- Completed reload, in  1.033 seconds
Platform modules already initialized, skipping
Switching build target platform(5) subTarget(0) extendedPlatform(0) -> platform(13) subTarget(524288) extendedPlatform(0)
Shader 'Oculus/OVRMRCameraFrameLit': fallback shader 'Alpha-Diffuse' not found
Shader 'Universal Render Pipeline/Particles/Lit': fallback shader 'Universal Render Pipeline/Particles/SimpleLit' not found
Refreshing native plugins compatible for Editor in 1.81 ms, found 15 plugins.
Preloading 2 native plugins for Editor in 0.07 ms.
Unloading 5272 Unused Serialized files (Serialized files now loaded: 0)
System memory in use before: 244.8 MB.
System memory in use after: 245.3 MB.

Unloading 69 unused Assets to reduce memory usage. Loaded Objects now: 6033.
Total: 3.453700 ms (FindLiveObjects: 0.583700 ms CreateObjectMapping: 0.171000 ms MarkObjects: 2.653500 ms  DeleteObjects: 0.044200 ms)

AssetImportParameters requested are different than current active one (requested -> active):
  custom:graphics/normal-map-encoding: 01000000000000000000000000000000 -> 02000000000000000000000000000000
========================================================================
Received Prepare
Registering precompiled user dll's ...
Registered in 0.016139 seconds.
Begin MonoManager ReloadAssembly
Native extension for WindowsStandalone target not found
Native extension for WebGL target not found
Refreshing native plugins compatible for Editor in 2.06 ms, found 15 plugins.
Preloading 2 native plugins for Editor in 0.07 ms.
Can't find custom attr constructor image: D:\UNITY\Github\VR-Flying-Objects\VR-Get-Off-My-Chips-Unity\Library\PackageCache\com.unity.ads@3.4.5\Editor\UnityEditor.Advertisements.dll mtoken: 0x0a00000f due to:  assembly:C:\Program Files\Unity\Hub\Editor\2020.3.1f1\Editor\Data\Managed\UnityEngine\UnityEngine.CoreModule.dll type:UnityAPICompatibilityVersionAttribute member:void {0}(string,string[]) signature:.ctor
Invoked RoslynAnalysisRunner static constructor.
RoslynAnalysisRunner will not be running.
RoslynAnalysisRunner has terminated.
Refreshing native plugins compatible for Editor in 1.79 ms, found 15 plugins.
Mono: successfully reloaded assembly
- Completed reload, in  1.032 seconds
Platform modules already initialized, skipping
Switching build target platform(5) subTarget(0) extendedPlatform(0) -> platform(13) subTarget(524288) extendedPlatform(0)
Shader 'Oculus/OVRMRCameraFrameLit': fallback shader 'Alpha-Diffuse' not found
Shader 'Universal Render Pipeline/Particles/Lit': fallback shader 'Universal Render Pipeline/Particles/SimpleLit' not found
Refreshing native plugins compatible for Editor in 1.83 ms, found 15 plugins.
Preloading 2 native plugins for Editor in 0.07 ms.
Unloading 5272 Unused Serialized files (Serialized files now loaded: 0)
System memory in use before: 244.6 MB.
System memory in use after: 245.1 MB.

Unloading 69 unused Assets to reduce memory usage. Loaded Objects now: 6037.
Total: 2.970000 ms (FindLiveObjects: 0.558800 ms CreateObjectMapping: 0.149600 ms MarkObjects: 2.229500 ms  DeleteObjects: 0.031000 ms)

AssetImportParameters requested are different than current active one (requested -> active):
  custom:graphics/normal-map-encoding: 01000000000000000000000000000000 -> 02000000000000000000000000000000
========================================================================
Received Prepare
Registering precompiled user dll's ...
Registered in 0.015497 seconds.
Begin MonoManager ReloadAssembly
Native extension for WindowsStandalone target not found
Native extension for WebGL target not found
Refreshing native plugins compatible for Editor in 1.95 ms, found 15 plugins.
Preloading 2 native plugins for Editor in 0.07 ms.
Can't find custom attr constructor image: D:\UNITY\Github\VR-Flying-Objects\VR-Get-Off-My-Chips-Unity\Library\PackageCache\com.unity.ads@3.4.5\Editor\UnityEditor.Advertisements.dll mtoken: 0x0a00000f due to:  assembly:C:\Program Files\Unity\Hub\Editor\2020.3.1f1\Editor\Data\Managed\UnityEngine\UnityEngine.CoreModule.dll type:UnityAPICompatibilityVersionAttribute member:void {0}(string,string[]) signature:.ctor
Invoked RoslynAnalysisRunner static constructor.
RoslynAnalysisRunner will not be running.
RoslynAnalysisRunner has terminated.
Refreshing native plugins compatible for Editor in 1.98 ms, found 15 plugins.
Mono: successfully reloaded assembly
- Completed reload, in  1.036 seconds
Platform modules already initialized, skipping
Switching build target platform(5) subTarget(0) extendedPlatform(0) -> platform(13) subTarget(524288) extendedPlatform(0)
Shader 'Oculus/OVRMRCameraFrameLit': fallback shader 'Alpha-Diffuse' not found
Shader 'Universal Render Pipeline/Particles/Lit': fallback shader 'Universal Render Pipeline/Particles/SimpleLit' not found
Refreshing native plugins compatible for Editor in 1.95 ms, found 15 plugins.
Preloading 2 native plugins for Editor in 0.07 ms.
Unloading 5272 Unused Serialized files (Serialized files now loaded: 0)
System memory in use before: 244.8 MB.
System memory in use after: 245.3 MB.

Unloading 69 unused Assets to reduce memory usage. Loaded Objects now: 6041.
Total: 3.471300 ms (FindLiveObjects: 0.620000 ms CreateObjectMapping: 0.145200 ms MarkObjects: 2.661200 ms  DeleteObjects: 0.043700 ms)

AssetImportParameters requested are different than current active one (requested -> active):
  custom:graphics/normal-map-encoding: 01000000000000000000000000000000 -> 02000000000000000000000000000000
========================================================================
Received Prepare
Registering precompiled user dll's ...
Registered in 0.015827 seconds.
Begin MonoManager ReloadAssembly
Native extension for WindowsStandalone target not found
Native extension for WebGL target not found
Refreshing native plugins compatible for Editor in 2.00 ms, found 15 plugins.
Preloading 2 native plugins for Editor in 0.08 ms.
Can't find custom attr constructor image: D:\UNITY\Github\VR-Flying-Objects\VR-Get-Off-My-Chips-Unity\Library\PackageCache\com.unity.ads@3.4.5\Editor\UnityEditor.Advertisements.dll mtoken: 0x0a00000f due to:  assembly:C:\Program Files\Unity\Hub\Editor\2020.3.1f1\Editor\Data\Managed\UnityEngine\UnityEngine.CoreModule.dll type:UnityAPICompatibilityVersionAttribute member:void {0}(string,string[]) signature:.ctor
Invoked RoslynAnalysisRunner static constructor.
RoslynAnalysisRunner will not be running.
RoslynAnalysisRunner has terminated.
Refreshing native plugins compatible for Editor in 2.13 ms, found 15 plugins.
Mono: successfully reloaded assembly
- Completed reload, in  1.084 seconds
Platform modules already initialized, skipping
Switching build target platform(5) subTarget(0) extendedPlatform(0) -> platform(13) subTarget(524288) extendedPlatform(0)
Shader 'Oculus/OVRMRCameraFrameLit': fallback shader 'Alpha-Diffuse' not found
Shader 'Universal Render Pipeline/Particles/Lit': fallback shader 'Universal Render Pipeline/Particles/SimpleLit' not found
Refreshing native plugins compatible for Editor in 2.19 ms, found 15 plugins.
Preloading 2 native plugins for Editor in 0.09 ms.
Unloading 5272 Unused Serialized files (Serialized files now loaded: 0)
System memory in use before: 244.9 MB.
System memory in use after: 245.3 MB.

Unloading 69 unused Assets to reduce memory usage. Loaded Objects now: 6045.
Total: 3.775500 ms (FindLiveObjects: 0.910000 ms CreateObjectMapping: 0.168800 ms MarkObjects: 2.658500 ms  DeleteObjects: 0.036400 ms)

AssetImportParameters requested are different than current active one (requested -> active):
  custom:graphics/normal-map-encoding: 01000000000000000000000000000000 -> 02000000000000000000000000000000
========================================================================
Received Prepare
Shader 'Oculus/OVRMRCameraFrameLit': fallback shader 'Alpha-Diffuse' not found
Shader 'Universal Render Pipeline/Particles/Lit': fallback shader 'Universal Render Pipeline/Particles/SimpleLit' not found
Refreshing native plugins compatible for Editor in 20.41 ms, found 15 plugins.
Preloading 2 native plugins for Editor in 0.06 ms.
Unloading 66 Unused Serialized files (Serialized files now loaded: 0)
System memory in use before: 142.3 MB.
System memory in use after: 142.8 MB.

Unloading 66 unused Assets to reduce memory usage. Loaded Objects now: 6045.
Total: 3.599700 ms (FindLiveObjects: 0.663600 ms CreateObjectMapping: 0.148900 ms MarkObjects: 2.748400 ms  DeleteObjects: 0.037800 ms)

========================================================================
Received Prepare
Registering precompiled user dll's ...
Registered in 0.396064 seconds.
Begin MonoManager ReloadAssembly
Native extension for WindowsStandalone target not found
Native extension for WebGL target not found
Refreshing native plugins compatible for Editor in 2.20 ms, found 15 plugins.
Preloading 2 native plugins for Editor in 0.10 ms.
Can't find custom attr constructor image: D:\UNITY\Github\VR-Flying-Objects\VR-Get-Off-My-Chips-Unity\Library\PackageCache\com.unity.ads@3.4.5\Editor\UnityEditor.Advertisements.dll mtoken: 0x0a00000f due to:  assembly:C:\Program Files\Unity\Hub\Editor\2020.3.1f1\Editor\Data\Managed\UnityEngine\UnityEngine.CoreModule.dll type:UnityAPICompatibilityVersionAttribute member:void {0}(string,string[]) signature:.ctor
Invoked RoslynAnalysisRunner static constructor.
RoslynAnalysisRunner will not be running.
RoslynAnalysisRunner has terminated.
Refreshing native plugins compatible for Editor in 2.06 ms, found 15 plugins.
Mono: successfully reloaded assembly
- Completed reload, in  1.405 seconds
Platform modules already initialized, skipping
Switching build target platform(5) subTarget(0) extendedPlatform(0) -> platform(13) subTarget(524288) extendedPlatform(0)
Shader 'Oculus/OVRMRCameraFrameLit': fallback shader 'Alpha-Diffuse' not found
Shader 'Universal Render Pipeline/Particles/Lit': fallback shader 'Universal Render Pipeline/Particles/SimpleLit' not found
Refreshing native plugins compatible for Editor in 1.94 ms, found 15 plugins.
Preloading 2 native plugins for Editor in 0.10 ms.
Unloading 5272 Unused Serialized files (Serialized files now loaded: 0)
System memory in use before: 244.9 MB.
System memory in use after: 245.3 MB.

Unloading 69 unused Assets to reduce memory usage. Loaded Objects now: 6049.
Total: 3.401700 ms (FindLiveObjects: 0.759000 ms CreateObjectMapping: 0.160900 ms MarkObjects: 2.411200 ms  DeleteObjects: 0.069400 ms)

AssetImportParameters requested are different than current active one (requested -> active):
  custom:graphics/normal-map-encoding: 01000000000000000000000000000000 -> 02000000000000000000000000000000
========================================================================
Received Prepare
Registering precompiled user dll's ...
Registered in 0.016433 seconds.
Begin MonoManager ReloadAssembly
Native extension for WindowsStandalone target not found
Native extension for WebGL target not found
Refreshing native plugins compatible for Editor in 1.85 ms, found 15 plugins.
Preloading 2 native plugins for Editor in 0.07 ms.
Can't find custom attr constructor image: D:\UNITY\Github\VR-Flying-Objects\VR-Get-Off-My-Chips-Unity\Library\PackageCache\com.unity.ads@3.4.5\Editor\UnityEditor.Advertisements.dll mtoken: 0x0a00000f due to:  assembly:C:\Program Files\Unity\Hub\Editor\2020.3.1f1\Editor\Data\Managed\UnityEngine\UnityEngine.CoreModule.dll type:UnityAPICompatibilityVersionAttribute member:void {0}(string,string[]) signature:.ctor
Invoked RoslynAnalysisRunner static constructor.
RoslynAnalysisRunner will not be running.
RoslynAnalysisRunner has terminated.
Refreshing native plugins compatible for Editor in 2.67 ms, found 15 plugins.
Mono: successfully reloaded assembly
- Completed reload, in  1.091 seconds
Platform modules already initialized, skipping
Switching build target platform(5) subTarget(0) extendedPlatform(0) -> platform(13) subTarget(524288) extendedPlatform(0)
Shader 'Oculus/OVRMRCameraFrameLit': fallback shader 'Alpha-Diffuse' not found
Shader 'Universal Render Pipeline/Particles/Lit': fallback shader 'Universal Render Pipeline/Particles/SimpleLit' not found
Refreshing native plugins compatible for Editor in 1.98 ms, found 15 plugins.
Preloading 2 native plugins for Editor in 0.07 ms.
Unloading 5272 Unused Serialized files (Serialized files now loaded: 0)
System memory in use before: 244.9 MB.
System memory in use after: 245.3 MB.

Unloading 69 unused Assets to reduce memory usage. Loaded Objects now: 6053.
Total: 3.869200 ms (FindLiveObjects: 0.637000 ms CreateObjectMapping: 0.160300 ms MarkObjects: 3.016500 ms  DeleteObjects: 0.054600 ms)

AssetImportParameters requested are different than current active one (requested -> active):
  custom:graphics/normal-map-encoding: 01000000000000000000000000000000 -> 02000000000000000000000000000000
========================================================================
Received Prepare
Registering precompiled user dll's ...
Registered in 0.016319 seconds.
Begin MonoManager ReloadAssembly
Native extension for WindowsStandalone target not found
Native extension for WebGL target not found
Refreshing native plugins compatible for Editor in 2.08 ms, found 15 plugins.
Preloading 2 native plugins for Editor in 0.07 ms.
Can't find custom attr constructor image: D:\UNITY\Github\VR-Flying-Objects\VR-Get-Off-My-Chips-Unity\Library\PackageCache\com.unity.ads@3.4.5\Editor\UnityEditor.Advertisements.dll mtoken: 0x0a00000f due to:  assembly:C:\Program Files\Unity\Hub\Editor\2020.3.1f1\Editor\Data\Managed\UnityEngine\UnityEngine.CoreModule.dll type:UnityAPICompatibilityVersionAttribute member:void {0}(string,string[]) signature:.ctor
Invoked RoslynAnalysisRunner static constructor.
RoslynAnalysisRunner will not be running.
RoslynAnalysisRunner has terminated.
Refreshing native plugins compatible for Editor in 1.81 ms, found 15 plugins.
Mono: successfully reloaded assembly
- Completed reload, in  1.087 seconds
Platform modules already initialized, skipping
Switching build target platform(5) subTarget(0) extendedPlatform(0) -> platform(13) subTarget(524288) extendedPlatform(0)
Shader 'Oculus/OVRMRCameraFrameLit': fallback shader 'Alpha-Diffuse' not found
Shader 'Universal Render Pipeline/Particles/Lit': fallback shader 'Universal Render Pipeline/Particles/SimpleLit' not found
Refreshing native plugins compatible for Editor in 1.89 ms, found 15 plugins.
Preloading 2 native plugins for Editor in 0.07 ms.
Unloading 5272 Unused Serialized files (Serialized files now loaded: 0)
System memory in use before: 244.7 MB.
System memory in use after: 245.2 MB.

Unloading 69 unused Assets to reduce memory usage. Loaded Objects now: 6057.
Total: 3.466700 ms (FindLiveObjects: 0.779400 ms CreateObjectMapping: 0.180300 ms MarkObjects: 2.468000 ms  DeleteObjects: 0.037900 ms)

AssetImportParameters requested are different than current active one (requested -> active):
  custom:graphics/normal-map-encoding: 01000000000000000000000000000000 -> 02000000000000000000000000000000
========================================================================
Received Prepare
Registering precompiled user dll's ...
Registered in 0.016686 seconds.
Begin MonoManager ReloadAssembly
Native extension for WindowsStandalone target not found
Native extension for WebGL target not found
Refreshing native plugins compatible for Editor in 1.85 ms, found 15 plugins.
Preloading 2 native plugins for Editor in 0.07 ms.
Can't find custom attr constructor image: D:\UNITY\Github\VR-Flying-Objects\VR-Get-Off-My-Chips-Unity\Library\PackageCache\com.unity.ads@3.4.5\Editor\UnityEditor.Advertisements.dll mtoken: 0x0a00000f due to:  assembly:C:\Program Files\Unity\Hub\Editor\2020.3.1f1\Editor\Data\Managed\UnityEngine\UnityEngine.CoreModule.dll type:UnityAPICompatibilityVersionAttribute member:void {0}(string,string[]) signature:.ctor
Invoked RoslynAnalysisRunner static constructor.
RoslynAnalysisRunner will not be running.
RoslynAnalysisRunner has terminated.
Refreshing native plugins compatible for Editor in 1.88 ms, found 15 plugins.
Mono: successfully reloaded assembly
- Completed reload, in  1.081 seconds
Platform modules already initialized, skipping
Switching build target platform(5) subTarget(0) extendedPlatform(0) -> platform(13) subTarget(524288) extendedPlatform(0)
Shader 'Oculus/OVRMRCameraFrameLit': fallback shader 'Alpha-Diffuse' not found
Shader 'Universal Render Pipeline/Particles/Lit': fallback shader 'Universal Render Pipeline/Particles/SimpleLit' not found
Refreshing native plugins compatible for Editor in 1.87 ms, found 15 plugins.
Preloading 2 native plugins for Editor in 0.07 ms.
Unloading 5272 Unused Serialized files (Serialized files now loaded: 0)
System memory in use before: 244.9 MB.
System memory in use after: 245.4 MB.

Unloading 69 unused Assets to reduce memory usage. Loaded Objects now: 6061.
Total: 3.288400 ms (FindLiveObjects: 0.702900 ms CreateObjectMapping: 0.138300 ms MarkObjects: 2.414400 ms  DeleteObjects: 0.031800 ms)

AssetImportParameters requested are different than current active one (requested -> active):
  custom:graphics/normal-map-encoding: 01000000000000000000000000000000 -> 02000000000000000000000000000000
AssetImportWorkerClient::OnTransportError - code=2 error=End of file
